2026-03-16 02:08:02,263 [INFO] --- Supervisor Started ---
2026-03-16 02:08:02,264 [INFO] Starting OpenClaw gateway...
2026-03-16 02:08:02,278 [INFO] OpenClaw started (PID: 8184)
2026-03-16 02:08:02,278 [INFO] Starting runAiBot.py...
2026-03-16 02:08:02,288 [INFO] Bot started (PID: 26124)
2026-03-16 02:08:17,346 [INFO] Stopping all processes...
2026-03-16 02:08:17,618 [INFO] Bot process stopped.
2026-03-16 02:08:17,901 [INFO] OpenClaw process stopped.
2026-03-16 02:16:31,467 [INFO] --- Supervisor Started ---
2026-03-16 02:16:31,467 [INFO] Starting OpenClaw gateway...
2026-03-16 02:16:31,483 [INFO] OpenClaw started (PID: 14208)
2026-03-16 02:16:31,483 [INFO] Starting runAiBot.py...
2026-03-16 02:16:31,491 [INFO] Bot started (PID: 13976)
2026-03-16 02:18:31,502 [WARNING] OpenClaw gateway crashed. Restarting...
2026-03-16 02:18:31,502 [INFO] Starting OpenClaw gateway...
2026-03-16 02:18:31,507 [INFO] OpenClaw started (PID: 17436)
2026-03-16 02:18:41,508 [WARNING] OpenClaw gateway crashed. Restarting...
2026-03-16 02:18:41,508 [INFO] Starting OpenClaw gateway...
2026-03-16 02:18:41,515 [INFO] OpenClaw started (PID: 9640)
2026-03-16 02:18:51,517 [WARNING] OpenClaw gateway crashed. Restarting...
2026-03-16 02:18:51,517 [INFO] Starting OpenClaw gateway...
2026-03-16 02:18:51,517 [INFO] OpenClaw started (PID: 5500)
2026-03-16 02:19:01,526 [WARNING] OpenClaw gateway crashed. Restarting...
2026-03-16 02:19:01,526 [INFO] Starting OpenClaw gateway...
2026-03-16 02:19:01,532 [INFO] OpenClaw started (PID: 9024)
2026-03-16 02:19:11,534 [WARNING] OpenClaw gateway crashed. Restarting...
2026-03-16 02:19:11,535 [INFO] Starting OpenClaw gateway...
2026-03-16 02:19:11,540 [INFO] OpenClaw started (PID: 2720)
2026-03-16 02:19:21,541 [WARNING] OpenClaw gateway crashed. Restarting...
2026-03-16 02:19:21,541 [INFO] Starting OpenClaw gateway...
2026-03-16 02:19:21,548 [INFO] OpenClaw started (PID: 11508)
2026-03-16 02:19:31,551 [WARNING] OpenClaw gateway crashed. Restarting...
2026-03-16 02:19:31,551 [INFO] Starting OpenClaw gateway...
2026-03-16 02:19:31,557 [INFO] OpenClaw started (PID: 16044)
2026-03-16 02:19:41,558 [WARNING] OpenClaw gateway crashed. Restarting...
2026-03-16 02:19:41,559 [INFO] Starting OpenClaw gateway...
2026-03-16 02:19:41,565 [INFO] OpenClaw started (PID: 15244)
2026-03-16 02:19:51,571 [WARNING] OpenClaw gateway crashed. Restarting...
2026-03-16 02:19:51,571 [INFO] Starting OpenClaw gateway...
2026-03-16 02:19:51,577 [INFO] OpenClaw started (PID: 19028)
2026-03-16 02:20:01,580 [WARNING] OpenClaw gateway crashed. Restarting...
2026-03-16 02:20:01,580 [INFO] Starting OpenClaw gateway...
2026-03-16 02:20:01,587 [INFO] OpenClaw started (PID: 14500)
2026-03-16 02:20:11,589 [WARNING] OpenClaw gateway crashed. Restarting...
2026-03-16 02:20:11,590 [INFO] Starting OpenClaw gateway...
2026-03-16 02:20:11,595 [INFO] OpenClaw started (PID: 7720)
2026-03-16 02:20:21,596 [WARNING] OpenClaw gateway crashed. Restarting...
2026-03-16 02:20:21,597 [INFO] Starting OpenClaw gateway...
2026-03-16 02:20:21,597 [INFO] OpenClaw started (PID: 17812)
2026-03-16 02:20:31,602 [WARNING] OpenClaw gateway crashed. Restarting...
2026-03-16 02:20:31,602 [INFO] Starting OpenClaw gateway...
2026-03-16 02:20:31,610 [INFO] OpenClaw started (PID: 12332)
2026-03-16 02:20:41,612 [WARNING] OpenClaw gateway crashed. Restarting...
2026-03-16 02:20:41,612 [INFO] Starting OpenClaw gateway...
2026-03-16 02:20:41,612 [INFO] OpenClaw started (PID: 13832)
2026-03-16 02:20:51,619 [WARNING] OpenClaw gateway crashed. Restarting...
2026-03-16 02:20:51,619 [INFO] Starting OpenClaw gateway...
2026-03-16 02:20:51,624 [INFO] OpenClaw started (PID: 18444)
2026-03-16 02:21:01,625 [WARNING] OpenClaw gateway crashed. Restarting...
2026-03-16 02:21:01,625 [INFO] Starting OpenClaw gateway...
2026-03-16 02:21:01,631 [INFO] OpenClaw started (PID: 16748)
2026-03-16 02:21:11,632 [WARNING] OpenClaw gateway crashed. Restarting...
2026-03-16 02:21:11,634 [INFO] Starting OpenClaw gateway...
2026-03-16 02:21:11,640 [INFO] OpenClaw started (PID: 14516)
2026-03-16 02:21:21,641 [WARNING] OpenClaw gateway crashed. Restarting...
2026-03-16 02:21:21,641 [INFO] Starting OpenClaw gateway...
2026-03-16 02:21:21,645 [INFO] OpenClaw started (PID: 16792)
2026-03-16 02:21:31,648 [WARNING] OpenClaw gateway crashed. Restarting...
2026-03-16 02:21:31,649 [INFO] Starting OpenClaw gateway...
2026-03-16 02:21:31,656 [INFO] OpenClaw started (PID: 14248)
2026-03-16 02:21:41,657 [WARNING] OpenClaw gateway crashed. Restarting...
2026-03-16 02:21:41,657 [INFO] Starting OpenClaw gateway...
2026-03-16 02:21:41,663 [INFO] OpenClaw started (PID: 2960)
2026-03-16 02:21:51,664 [WARNING] OpenClaw gateway crashed. Restarting...
2026-03-16 02:21:51,664 [INFO] Starting OpenClaw gateway...
2026-03-16 02:21:51,664 [INFO] OpenClaw started (PID: 9716)
2026-03-16 02:22:01,671 [WARNING] OpenClaw gateway crashed. Restarting...
2026-03-16 02:22:01,672 [INFO] Starting OpenClaw gateway...
2026-03-16 02:22:01,677 [INFO] OpenClaw started (PID: 15028)
2026-03-16 02:22:11,679 [WARNING] OpenClaw gateway crashed. Restarting...
2026-03-16 02:22:11,679 [INFO] Starting OpenClaw gateway...
2026-03-16 02:22:11,685 [INFO] OpenClaw started (PID: 18632)
2026-03-16 02:22:21,686 [WARNING] OpenClaw gateway crashed. Restarting...
2026-03-16 02:22:21,686 [INFO] Starting OpenClaw gateway...
2026-03-16 02:22:21,692 [INFO] OpenClaw started (PID: 2876)
2026-03-16 02:22:31,696 [WARNING] OpenClaw gateway crashed. Restarting...
2026-03-16 02:22:31,696 [INFO] Starting OpenClaw gateway...
2026-03-16 02:22:31,700 [INFO] OpenClaw started (PID: 12116)
2026-03-16 02:22:41,704 [WARNING] OpenClaw gateway crashed. Restarting...
2026-03-16 02:22:41,704 [INFO] Starting OpenClaw gateway...
2026-03-16 02:22:41,711 [INFO] OpenClaw started (PID: 14504)
2026-03-16 02:22:51,713 [WARNING] OpenClaw gateway crashed. Restarting...
2026-03-16 02:22:51,713 [INFO] Starting OpenClaw gateway...
2026-03-16 02:22:51,713 [INFO] OpenClaw started (PID: 4816)
2026-03-16 02:23:01,720 [WARNING] OpenClaw gateway crashed. Restarting...
2026-03-16 02:23:01,720 [INFO] Starting OpenClaw gateway...
2026-03-16 02:23:01,726 [INFO] OpenClaw started (PID: 8604)
2026-03-16 02:23:11,729 [WARNING] OpenClaw gateway crashed. Restarting...
2026-03-16 02:23:11,729 [INFO] Starting OpenClaw gateway...
2026-03-16 02:23:11,733 [INFO] OpenClaw started (PID: 8484)
2026-03-16 02:23:21,737 [WARNING] OpenClaw gateway crashed. Restarting...
2026-03-16 02:23:21,738 [INFO] Starting OpenClaw gateway...
2026-03-16 02:23:21,742 [INFO] OpenClaw started (PID: 2336)
2026-03-16 02:23:31,743 [WARNING] OpenClaw gateway crashed. Restarting...
2026-03-16 02:23:31,743 [INFO] Starting OpenClaw gateway...
2026-03-16 02:23:31,747 [INFO] OpenClaw started (PID: 4200)
2026-03-16 02:23:41,748 [WARNING] OpenClaw gateway crashed. Restarting...
2026-03-16 02:23:41,750 [INFO] Starting OpenClaw gateway...
2026-03-16 02:23:41,759 [INFO] OpenClaw started (PID: 17464)
2026-03-16 02:23:51,764 [WARNING] OpenClaw gateway crashed. Restarting...
2026-03-16 02:23:51,764 [INFO] Starting OpenClaw gateway...
2026-03-16 02:23:51,768 [INFO] OpenClaw started (PID: 5288)
2026-03-16 02:24:01,771 [WARNING] OpenClaw gateway crashed. Restarting...
2026-03-16 02:24:01,771 [INFO] Starting OpenClaw gateway...
2026-03-16 02:24:01,776 [INFO] OpenClaw started (PID: 18472)
2026-03-16 02:24:11,779 [WARNING] OpenClaw gateway crashed. Restarting...
2026-03-16 02:24:11,779 [INFO] Starting OpenClaw gateway...
2026-03-16 02:24:11,785 [INFO] OpenClaw started (PID: 1880)
2026-03-16 02:24:21,787 [WARNING] OpenClaw gateway crashed. Restarting...
2026-03-16 02:24:21,787 [INFO] Starting OpenClaw gateway...
2026-03-16 02:24:21,794 [INFO] OpenClaw started (PID: 17792)
2026-03-16 02:24:31,795 [WARNING] OpenClaw gateway crashed. Restarting...
2026-03-16 02:24:31,796 [INFO] Starting OpenClaw gateway...
2026-03-16 02:24:31,800 [INFO] OpenClaw started (PID: 12956)
2026-03-16 02:24:41,807 [WARNING] OpenClaw gateway crashed. Restarting...
2026-03-16 02:24:41,807 [INFO] Starting OpenClaw gateway...
2026-03-16 02:24:41,811 [INFO] OpenClaw started (PID: 12404)
2026-03-16 02:24:51,815 [WARNING] OpenClaw gateway crashed. Restarting...
2026-03-16 02:24:51,816 [INFO] Starting OpenClaw gateway...
2026-03-16 02:24:51,832 [INFO] OpenClaw started (PID: 6204)
2026-03-16 02:27:41,855 [WARNING] OpenClaw gateway crashed. Restarting...
2026-03-16 02:27:41,860 [INFO] Starting OpenClaw gateway...
2026-03-16 02:27:41,876 [INFO] OpenClaw started (PID: 1096)
2026-03-16 02:27:51,877 [WARNING] OpenClaw gateway crashed. Restarting...
2026-03-16 02:27:51,877 [INFO] Starting OpenClaw gateway...
2026-03-16 02:27:51,882 [INFO] OpenClaw started (PID: 9636)
2026-03-16 02:28:01,883 [WARNING] OpenClaw gateway crashed. Restarting...
2026-03-16 02:28:01,883 [INFO] Starting OpenClaw gateway...
2026-03-16 02:28:01,890 [INFO] OpenClaw started (PID: 21096)
2026-03-16 02:28:11,892 [WARNING] OpenClaw gateway crashed. Restarting...
2026-03-16 02:28:11,892 [INFO] Starting OpenClaw gateway...
2026-03-16 02:28:11,898 [INFO] OpenClaw started (PID: 17680)
2026-03-16 02:28:21,903 [WARNING] OpenClaw gateway crashed. Restarting...
2026-03-16 02:28:21,904 [INFO] Starting OpenClaw gateway...
2026-03-16 02:28:21,911 [INFO] OpenClaw started (PID: 21268)
2026-03-16 02:28:31,913 [WARNING] OpenClaw gateway crashed. Restarting...
2026-03-16 02:28:31,913 [INFO] Starting OpenClaw gateway...
2026-03-16 02:28:31,923 [INFO] OpenClaw started (PID: 10512)
2026-03-16 02:28:41,925 [WARNING] OpenClaw gateway crashed. Restarting...
2026-03-16 02:28:41,925 [INFO] Starting OpenClaw gateway...
2026-03-16 02:28:41,930 [INFO] OpenClaw started (PID: 15524)
2026-03-16 02:28:51,936 [WARNING] OpenClaw gateway crashed. Restarting...
2026-03-16 02:28:51,936 [INFO] Starting OpenClaw gateway...
2026-03-16 02:28:51,941 [INFO] OpenClaw started (PID: 20300)
2026-03-16 02:29:01,945 [WARNING] OpenClaw gateway crashed. Restarting...
2026-03-16 02:29:01,945 [INFO] Starting OpenClaw gateway...
2026-03-16 02:29:01,950 [INFO] OpenClaw started (PID: 7676)
2026-03-16 02:29:11,954 [WARNING] OpenClaw gateway crashed. Restarting...
2026-03-16 02:29:11,954 [INFO] Starting OpenClaw gateway...
2026-03-16 02:29:11,959 [INFO] OpenClaw started (PID: 19888)
2026-03-16 02:29:21,962 [WARNING] OpenClaw gateway crashed. Restarting...
2026-03-16 02:29:21,962 [INFO] Starting OpenClaw gateway...
2026-03-16 02:29:21,968 [INFO] OpenClaw started (PID: 16396)
2026-03-16 02:29:31,969 [WARNING] OpenClaw gateway crashed. Restarting...
2026-03-16 02:29:31,969 [INFO] Starting OpenClaw gateway...
2026-03-16 02:29:31,974 [INFO] OpenClaw started (PID: 18244)
2026-03-16 02:29:41,977 [WARNING] OpenClaw gateway crashed. Restarting...
2026-03-16 02:29:41,978 [INFO] Starting OpenClaw gateway...
2026-03-16 02:29:41,979 [INFO] OpenClaw started (PID: 14020)
2026-03-16 02:29:51,984 [WARNING] OpenClaw gateway crashed. Restarting...
2026-03-16 02:29:51,984 [INFO] Starting OpenClaw gateway...
2026-03-16 02:29:51,992 [INFO] OpenClaw started (PID: 11004)
2026-03-16 02:30:01,994 [WARNING] OpenClaw gateway crashed. Restarting...
2026-03-16 02:30:01,994 [INFO] Starting OpenClaw gateway...
2026-03-16 02:30:01,998 [INFO] OpenClaw started (PID: 14748)
2026-03-16 02:30:12,002 [WARNING] OpenClaw gateway crashed. Restarting...
2026-03-16 02:30:12,002 [INFO] Starting OpenClaw gateway...
2026-03-16 02:30:12,009 [INFO] OpenClaw started (PID: 15756)
2026-03-16 02:30:22,014 [WARNING] OpenClaw gateway crashed. Restarting...
2026-03-16 02:30:22,019 [INFO] Starting OpenClaw gateway...
2026-03-16 02:30:22,032 [INFO] OpenClaw started (PID: 11700)
2026-03-16 02:30:32,036 [WARNING] OpenClaw gateway crashed. Restarting...
2026-03-16 02:30:32,036 [INFO] Starting OpenClaw gateway...
2026-03-16 02:30:32,046 [INFO] OpenClaw started (PID: 9912)
2026-03-16 02:30:42,050 [WARNING] OpenClaw gateway crashed. Restarting...
2026-03-16 02:30:42,050 [INFO] Starting OpenClaw gateway...
2026-03-16 02:30:42,059 [INFO] OpenClaw started (PID: 21352)
2026-03-16 02:30:52,061 [WARNING] OpenClaw gateway crashed. Restarting...
2026-03-16 02:30:52,061 [INFO] Starting OpenClaw gateway...
2026-03-16 02:30:52,068 [INFO] OpenClaw started (PID: 15668)
2026-03-16 02:31:02,070 [WARNING] OpenClaw gateway crashed. Restarting...
2026-03-16 02:31:02,072 [INFO] Starting OpenClaw gateway...
2026-03-16 02:31:02,080 [INFO] OpenClaw started (PID: 20976)
2026-03-16 02:31:12,082 [WARNING] OpenClaw gateway crashed. Restarting...
2026-03-16 02:31:12,083 [INFO] Starting OpenClaw gateway...
2026-03-16 02:31:12,092 [INFO] OpenClaw started (PID: 21420)
2026-03-16 02:31:22,093 [WARNING] OpenClaw gateway crashed. Restarting...
2026-03-16 02:31:22,093 [INFO] Starting OpenClaw gateway...
2026-03-16 02:31:22,099 [INFO] OpenClaw started (PID: 12912)
2026-03-16 02:31:32,102 [WARNING] OpenClaw gateway crashed. Restarting...
2026-03-16 02:31:32,103 [INFO] Starting OpenClaw gateway...
2026-03-16 02:31:32,110 [INFO] OpenClaw started (PID: 19652)
2026-03-16 02:31:42,112 [WARNING] OpenClaw gateway crashed. Restarting...
2026-03-16 02:31:42,112 [INFO] Starting OpenClaw gateway...
2026-03-16 02:31:42,118 [INFO] OpenClaw started (PID: 21192)
2026-03-16 02:31:52,121 [WARNING] OpenClaw gateway crashed. Restarting...
2026-03-16 02:31:52,121 [INFO] Starting OpenClaw gateway...
2026-03-16 02:31:52,126 [INFO] OpenClaw started (PID: 9264)
2026-03-16 02:32:00,130 [INFO] --- Supervisor Started ---
2026-03-16 02:32:00,130 [INFO] Starting OpenClaw gateway...
2026-03-16 02:32:00,143 [INFO] OpenClaw started (PID: 12180)
2026-03-16 02:32:00,145 [INFO] Starting runAiBot.py...
2026-03-16 02:32:00,157 [INFO] Bot started (PID: 18640)
2026-03-16 02:32:02,128 [WARNING] OpenClaw gateway crashed. Restarting...
2026-03-16 02:32:02,128 [INFO] Starting OpenClaw gateway...
2026-03-16 02:32:02,131 [INFO] OpenClaw started (PID: 8452)
2026-03-16 02:32:10,158 [WARNING] Bot process exited with code 0. Restarting in 30 seconds...
2026-03-16 02:32:12,133 [WARNING] OpenClaw gateway crashed. Restarting...
2026-03-16 02:32:12,134 [INFO] Starting OpenClaw gateway...
2026-03-16 02:32:12,137 [INFO] OpenClaw started (PID: 5080)
2026-03-16 02:32:40,159 [INFO] Starting runAiBot.py...
2026-03-16 02:32:40,164 [INFO] Bot started (PID: 8280)
2026-03-16 02:32:40,164 [WARNING] OpenClaw gateway crashed. Restarting...
2026-03-16 02:32:40,164 [INFO] Starting OpenClaw gateway...
2026-03-16 02:32:40,172 [INFO] OpenClaw started (PID: 5496)
2026-03-16 02:33:50,178 [WARNING] Bot process exited with code 3221225786. Restarting in 30 seconds...
2026-03-16 02:34:20,180 [INFO] Starting runAiBot.py...
2026-03-16 02:34:20,183 [INFO] Bot started (PID: 17916)
2026-03-16 02:46:20,272 [WARNING] Bot process exited with code 3221225786. Restarting in 30 seconds...
2026-03-16 02:46:50,286 [INFO] Starting runAiBot.py...
2026-03-16 02:46:50,291 [INFO] Bot started (PID: 13740)
2026-03-16 03:01:00,344 [WARNING] Bot process exited with code 3221225786. Restarting in 30 seconds...
2026-03-16 03:01:30,349 [INFO] Starting runAiBot.py...
2026-03-16 03:01:30,359 [INFO] Bot started (PID: 6216)
2026-03-16 03:01:40,360 [WARNING] OpenClaw gateway crashed. Restarting...
2026-03-16 03:01:40,362 [INFO] Starting OpenClaw gateway...
2026-03-16 03:01:40,375 [INFO] OpenClaw started (PID: 11560)
2026-03-16 03:01:50,378 [WARNING] OpenClaw gateway crashed. Restarting...
2026-03-16 03:01:50,379 [INFO] Starting OpenClaw gateway...
2026-03-16 03:01:50,385 [INFO] OpenClaw started (PID: 4404)
2026-03-16 03:02:00,386 [WARNING] OpenClaw gateway crashed. Restarting...
2026-03-16 03:02:00,386 [INFO] Starting OpenClaw gateway...
2026-03-16 03:02:00,393 [INFO] OpenClaw started (PID: 20592)
2026-03-16 03:02:10,395 [WARNING] OpenClaw gateway crashed. Restarting...
2026-03-16 03:02:10,395 [INFO] Starting OpenClaw gateway...
2026-03-16 03:02:10,399 [INFO] OpenClaw started (PID: 19584)
2026-03-16 03:02:30,401 [WARNING] OpenClaw gateway crashed. Restarting...
2026-03-16 03:02:30,403 [INFO] Starting OpenClaw gateway...
2026-03-16 03:02:30,409 [INFO] OpenClaw started (PID: 19408)
2026-03-16 03:02:50,412 [WARNING] OpenClaw gateway crashed. Restarting...
2026-03-16 03:02:50,413 [INFO] Starting OpenClaw gateway...
2026-03-16 03:02:50,422 [INFO] OpenClaw started (PID: 452)
2026-03-16 03:03:00,423 [WARNING] OpenClaw gateway crashed. Restarting...
2026-03-16 03:03:00,423 [INFO] Starting OpenClaw gateway...
2026-03-16 03:03:00,428 [INFO] OpenClaw started (PID: 16348)
2026-03-16 03:03:10,430 [WARNING] OpenClaw gateway crashed. Restarting...
2026-03-16 03:03:10,430 [INFO] Starting OpenClaw gateway...
2026-03-16 03:03:10,436 [INFO] OpenClaw started (PID: 15892)
2026-03-16 03:03:20,437 [WARNING] OpenClaw gateway crashed. Restarting...
2026-03-16 03:03:20,437 [INFO] Starting OpenClaw gateway...
2026-03-16 03:03:20,442 [INFO] OpenClaw started (PID: 7292)
2026-03-16 03:03:30,446 [WARNING] OpenClaw gateway crashed. Restarting...
2026-03-16 03:03:30,446 [INFO] Starting OpenClaw gateway...
2026-03-16 03:03:30,452 [INFO] OpenClaw started (PID: 18056)
2026-03-16 03:03:40,454 [WARNING] OpenClaw gateway crashed. Restarting...
2026-03-16 03:03:40,454 [INFO] Starting OpenClaw gateway...
2026-03-16 03:03:40,455 [INFO] OpenClaw started (PID: 20404)
2026-03-16 03:03:50,458 [WARNING] OpenClaw gateway crashed. Restarting...
2026-03-16 03:03:50,459 [INFO] Starting OpenClaw gateway...
2026-03-16 03:03:50,464 [INFO] OpenClaw started (PID: 2512)
2026-03-16 03:04:00,466 [WARNING] OpenClaw gateway crashed. Restarting...
2026-03-16 03:04:00,467 [INFO] Starting OpenClaw gateway...
2026-03-16 03:04:00,474 [INFO] OpenClaw started (PID: 16504)
2026-03-16 03:04:10,475 [WARNING] OpenClaw gateway crashed. Restarting...
2026-03-16 03:04:10,475 [INFO] Starting OpenClaw gateway...
2026-03-16 03:04:10,482 [INFO] OpenClaw started (PID: 19820)
2026-03-16 03:04:20,484 [WARNING] OpenClaw gateway crashed. Restarting...
2026-03-16 03:04:20,485 [INFO] Starting OpenClaw gateway...
2026-03-16 03:04:20,492 [INFO] OpenClaw started (PID: 20844)
2026-03-16 03:04:40,494 [WARNING] OpenClaw gateway crashed. Restarting...
2026-03-16 03:04:40,494 [INFO] Starting OpenClaw gateway...
2026-03-16 03:04:40,499 [INFO] OpenClaw started (PID: 16228)
2026-03-16 03:04:50,500 [WARNING] OpenClaw gateway crashed. Restarting...
2026-03-16 03:04:50,500 [INFO] Starting OpenClaw gateway...
2026-03-16 03:04:50,505 [INFO] OpenClaw started (PID: 12528)
2026-03-16 03:05:50,510 [WARNING] Bot process exited with code 3221225786. Restarting in 30 seconds...
2026-03-16 03:06:20,514 [INFO] Starting runAiBot.py...
2026-03-16 03:06:20,526 [INFO] Bot started (PID: 5636)
2026-03-16 03:06:20,530 [WARNING] OpenClaw gateway crashed. Restarting...
2026-03-16 03:06:20,530 [INFO] Starting OpenClaw gateway...
2026-03-16 03:06:20,536 [INFO] OpenClaw started (PID: 21028)
2026-03-16 03:07:10,542 [WARNING] OpenClaw gateway crashed. Restarting...
2026-03-16 03:07:10,542 [INFO] Starting OpenClaw gateway...
2026-03-16 03:07:10,549 [INFO] OpenClaw started (PID: 6364)
2026-03-16 03:07:20,554 [WARNING] OpenClaw gateway crashed. Restarting...
2026-03-16 03:07:20,555 [INFO] Starting OpenClaw gateway...
2026-03-16 03:07:20,561 [INFO] OpenClaw started (PID: 19260)
2026-03-16 03:07:30,562 [WARNING] Bot process exited with code 3221225786. Restarting in 30 seconds...
2026-03-16 03:08:00,564 [INFO] Starting runAiBot.py...
2026-03-16 03:08:00,571 [INFO] Bot started (PID: 7380)
2026-03-16 03:08:10,572 [WARNING] Bot process exited with code 3221225786. Restarting in 30 seconds...
2026-03-16 03:08:40,574 [INFO] Starting runAiBot.py...
2026-03-16 03:08:40,583 [INFO] Bot started (PID: 14516)
2026-03-16 03:08:50,585 [WARNING] Bot process exited with code 3221225786. Restarting in 30 seconds...
2026-03-16 03:09:20,586 [INFO] Starting runAiBot.py...
2026-03-16 03:09:20,586 [INFO] Bot started (PID: 4268)
2026-03-16 03:09:20,586 [WARNING] OpenClaw gateway crashed. Restarting...
2026-03-16 03:09:20,586 [INFO] Starting OpenClaw gateway...
2026-03-16 03:09:20,591 [INFO] OpenClaw started (PID: 20200)
2026-03-16 03:09:40,592 [WARNING] OpenClaw gateway crashed. Restarting...
2026-03-16 03:09:40,592 [INFO] Starting OpenClaw gateway...
2026-03-16 03:09:40,599 [INFO] OpenClaw started (PID: 15088)
2026-03-16 03:10:00,601 [WARNING] OpenClaw gateway crashed. Restarting...
2026-03-16 03:10:00,601 [INFO] Starting OpenClaw gateway...
2026-03-16 03:10:00,605 [INFO] OpenClaw started (PID: 18144)
2026-03-16 03:10:20,611 [WARNING] OpenClaw gateway crashed. Restarting...
2026-03-16 03:10:20,611 [INFO] Starting OpenClaw gateway...
2026-03-16 03:10:20,619 [INFO] OpenClaw started (PID: 11508)
2026-03-16 03:10:40,627 [WARNING] OpenClaw gateway crashed. Restarting...
2026-03-16 03:10:40,628 [INFO] Starting OpenClaw gateway...
2026-03-16 03:10:40,634 [INFO] OpenClaw started (PID: 21292)
2026-03-16 03:11:00,642 [WARNING] OpenClaw gateway crashed. Restarting...
2026-03-16 03:11:00,642 [INFO] Starting OpenClaw gateway...
2026-03-16 03:11:00,660 [INFO] OpenClaw started (PID: 16132)
2026-03-16 03:11:20,663 [WARNING] OpenClaw gateway crashed. Restarting...
2026-03-16 03:11:20,663 [INFO] Starting OpenClaw gateway...
2026-03-16 03:11:20,671 [INFO] OpenClaw started (PID: 12100)
2026-03-16 03:11:40,673 [WARNING] OpenClaw gateway crashed. Restarting...
2026-03-16 03:11:40,673 [INFO] Starting OpenClaw gateway...
2026-03-16 03:11:40,680 [INFO] OpenClaw started (PID: 15480)
2026-03-16 03:12:00,682 [WARNING] OpenClaw gateway crashed. Restarting...
2026-03-16 03:12:00,686 [INFO] Starting OpenClaw gateway...
2026-03-16 03:12:00,694 [INFO] OpenClaw started (PID: 18748)
2026-03-16 03:12:20,697 [WARNING] OpenClaw gateway crashed. Restarting...
2026-03-16 03:12:20,698 [INFO] Starting OpenClaw gateway...
2026-03-16 03:12:20,705 [INFO] OpenClaw started (PID: 17728)
2026-03-16 03:12:40,707 [WARNING] OpenClaw gateway crashed. Restarting...
2026-03-16 03:12:40,707 [INFO] Starting OpenClaw gateway...
2026-03-16 03:12:40,710 [INFO] OpenClaw started (PID: 17076)
2026-03-16 03:13:00,712 [WARNING] OpenClaw gateway crashed. Restarting...
2026-03-16 03:13:00,718 [INFO] Starting OpenClaw gateway...
2026-03-16 03:13:00,738 [INFO] OpenClaw started (PID: 4580)
2026-03-16 03:13:20,747 [WARNING] OpenClaw gateway crashed. Restarting...
2026-03-16 03:13:20,750 [INFO] Starting OpenClaw gateway...
2026-03-16 03:13:20,755 [INFO] OpenClaw started (PID: 1256)
2026-03-16 03:13:40,765 [WARNING] OpenClaw gateway crashed. Restarting...
2026-03-16 03:13:40,768 [INFO] Starting OpenClaw gateway...
2026-03-16 03:13:40,776 [INFO] OpenClaw started (PID: 17664)
2026-03-16 03:14:20,865 [WARNING] OpenClaw gateway crashed. Restarting...
2026-03-16 03:14:20,874 [INFO] Starting OpenClaw gateway...
2026-03-16 03:14:20,883 [INFO] OpenClaw started (PID: 15684)
2026-03-16 03:14:50,896 [WARNING] OpenClaw gateway crashed. Restarting...
2026-03-16 03:14:50,905 [INFO] Starting OpenClaw gateway...
2026-03-16 03:14:50,916 [INFO] OpenClaw started (PID: 11464)
2026-03-16 03:15:20,967 [WARNING] OpenClaw gateway crashed. Restarting...
2026-03-16 03:15:20,991 [INFO] Starting OpenClaw gateway...
2026-03-16 03:15:21,027 [INFO] OpenClaw started (PID: 6160)
2026-03-16 03:16:01,074 [WARNING] OpenClaw gateway crashed. Restarting...
2026-03-16 03:16:01,115 [INFO] Starting OpenClaw gateway...
2026-03-16 03:16:01,136 [INFO] OpenClaw started (PID: 3204)
2026-03-16 03:16:21,144 [WARNING] OpenClaw gateway crashed. Restarting...
2026-03-16 03:16:21,147 [INFO] Starting OpenClaw gateway...
2026-03-16 03:16:21,155 [INFO] OpenClaw started (PID: 11472)
2026-03-16 03:17:01,228 [WARNING] OpenClaw gateway crashed. Restarting...
2026-03-16 03:17:01,246 [INFO] Starting OpenClaw gateway...
2026-03-16 03:17:01,265 [INFO] OpenClaw started (PID: 21408)
2026-03-16 03:17:21,274 [WARNING] OpenClaw gateway crashed. Restarting...
2026-03-16 03:17:21,282 [INFO] Starting OpenClaw gateway...
2026-03-16 03:17:21,295 [INFO] OpenClaw started (PID: 10672)
2026-03-16 03:17:41,330 [WARNING] Bot process exited with code 3221225786. Restarting in 30 seconds...
2026-03-16 03:18:11,345 [INFO] Starting runAiBot.py...
2026-03-16 03:18:11,359 [INFO] Bot started (PID: 16352)
2026-03-16 03:18:11,360 [WARNING] OpenClaw gateway crashed. Restarting...
2026-03-16 03:18:11,362 [INFO] Starting OpenClaw gateway...
2026-03-16 03:18:11,382 [INFO] OpenClaw started (PID: 1380)
2026-03-16 03:18:21,388 [WARNING] Bot process exited with code 3221225786. Restarting in 30 seconds...
2026-03-16 03:18:51,389 [INFO] Starting runAiBot.py...
2026-03-16 03:18:51,396 [INFO] Bot started (PID: 8904)
2026-03-16 03:18:51,396 [WARNING] OpenClaw gateway crashed. Restarting...
2026-03-16 03:18:51,396 [INFO] Starting OpenClaw gateway...
2026-03-16 03:18:51,403 [INFO] OpenClaw started (PID: 2716)
2026-03-16 03:19:01,414 [WARNING] Bot process exited with code 3221225786. Restarting in 30 seconds...
2026-03-16 03:19:31,415 [INFO] Starting runAiBot.py...
2026-03-16 03:19:31,419 [INFO] Bot started (PID: 15724)
2026-03-16 03:19:31,419 [WARNING] OpenClaw gateway crashed. Restarting...
2026-03-16 03:19:31,422 [INFO] Starting OpenClaw gateway...
2026-03-16 03:19:31,426 [INFO] OpenClaw started (PID: 16884)
2026-03-16 03:19:41,431 [WARNING] Bot process exited with code 3221225786. Restarting in 30 seconds...
2026-03-16 03:20:11,431 [INFO] Starting runAiBot.py...
2026-03-16 03:20:11,438 [INFO] Bot started (PID: 21276)
2026-03-16 03:20:11,441 [WARNING] OpenClaw gateway crashed. Restarting...
2026-03-16 03:20:11,443 [INFO] Starting OpenClaw gateway...
2026-03-16 03:20:11,447 [INFO] OpenClaw started (PID: 17916)
2026-03-16 03:20:21,449 [WARNING] Bot process exited with code 3221225786. Restarting in 30 seconds...
2026-03-16 03:20:51,451 [INFO] Starting runAiBot.py...
2026-03-16 03:20:51,458 [INFO] Bot started (PID: 15456)
2026-03-16 03:20:51,459 [WARNING] OpenClaw gateway crashed. Restarting...
2026-03-16 03:20:51,460 [INFO] Starting OpenClaw gateway...
2026-03-16 03:20:51,464 [INFO] OpenClaw started (PID: 20604)
2026-03-16 03:21:01,468 [WARNING] Bot process exited with code 3221225786. Restarting in 30 seconds...
2026-03-16 12:19:56,853 [INFO] --- Supervisor Started ---
2026-03-16 12:19:57,036 [INFO] Starting OpenClaw gateway...
2026-03-16 12:19:57,050 [INFO] OpenClaw started (PID: 18360)
2026-03-16 12:19:57,052 [INFO] Starting runAiBot.py...
2026-03-16 12:19:57,061 [INFO] Bot started (PID: 18380)
2026-03-16 12:20:07,062 [WARNING] Bot process exited with code 3221225786. Restarting in 30 seconds...
2026-03-16 13:13:21,184 [INFO] --- Supervisor Started ---
2026-03-16 13:13:21,185 [INFO] Starting OpenClaw gateway...
2026-03-16 13:13:21,202 [INFO] OpenClaw started (PID: 5616)
2026-03-16 13:13:21,203 [INFO] Starting runAiBot.py...
2026-03-16 13:13:21,217 [INFO] Bot started (PID: 19076)
2026-03-17 11:09:06,786 [INFO] --- Supervisor Started ---
2026-03-17 11:09:06,786 [INFO] Starting OpenClaw gateway...
2026-03-17 11:09:06,800 [INFO] OpenClaw started (PID: 6996)
2026-03-17 11:09:06,802 [INFO] Starting runAiBot.py...
2026-03-17 11:09:06,809 [INFO] Bot started (PID: 804)
2026-03-18 11:19:59,611 [INFO] --- Supervisor Started ---
2026-03-18 11:19:59,611 [INFO] Starting OpenClaw gateway...
2026-03-18 11:19:59,623 [INFO] OpenClaw started (PID: 15676)
2026-03-18 11:19:59,624 [INFO] Starting runAiBot.py...
2026-03-18 11:19:59,633 [INFO] Bot started (PID: 19120)
2026-03-18 20:40:19,668 [INFO] --- Supervisor Started ---
2026-03-18 20:40:19,669 [INFO] Starting OpenClaw gateway...
2026-03-18 20:40:19,683 [INFO] OpenClaw started (PID: 16912)
2026-03-18 20:40:19,684 [INFO] Starting runAiBot.py...
2026-03-18 20:40:19,697 [INFO] Bot started (PID: 5264)
2026-03-19 10:53:04,706 [INFO] --- Supervisor Started ---
2026-03-19 10:53:04,706 [INFO] Starting OpenClaw gateway...
2026-03-19 10:53:04,724 [INFO] OpenClaw started (PID: 17632)
2026-03-19 10:53:04,724 [INFO] Starting runAiBot.py...
2026-03-19 10:53:04,731 [INFO] Bot started (PID: 7248)
2026-03-20 10:02:01,232 [INFO] --- Supervisor Started ---
2026-03-20 10:02:01,233 [INFO] Starting OpenClaw gateway...
2026-03-20 10:02:01,248 [INFO] OpenClaw started (PID: 10036)
2026-03-20 10:02:01,250 [INFO] Starting runAiBot.py...
2026-03-20 10:02:01,263 [INFO] Bot started (PID: 12040)
2026-03-20 10:02:11,264 [WARNING] Bot process exited with code 3221225786. Restarting in 30 seconds...
2026-03-20 20:14:50,905 [INFO] --- Supervisor Started ---
2026-03-20 20:14:50,906 [INFO] Starting OpenClaw gateway...
2026-03-20 20:14:50,917 [INFO] OpenClaw started (PID: 6804)
2026-03-20 20:14:50,919 [INFO] Starting runAiBot.py...
2026-03-20 20:14:50,933 [INFO] Bot started (PID: 7100)
2026-03-21 01:33:02,395 [INFO] --- Supervisor Started ---
2026-03-21 01:33:02,411 [INFO] Starting OpenClaw gateway...
2026-03-21 01:33:02,416 [INFO] OpenClaw started (PID: 8204)
2026-03-21 01:33:02,426 [INFO] Starting runAiBot.py...
2026-03-21 01:33:02,426 [INFO] Bot started (PID: 11056)
2026-03-21 04:37:11,644 [INFO] --- Supervisor Started ---
2026-03-21 04:37:11,645 [INFO] Starting OpenClaw gateway...
2026-03-21 04:37:11,658 [INFO] OpenClaw started (PID: 16692)
2026-03-21 04:37:11,660 [INFO] Starting runAiBot.py...
2026-03-21 04:37:11,675 [INFO] Bot started (PID: 17944)
2026-03-21 04:37:31,676 [WARNING] Bot process exited with code 3221225786. Restarting in 30 seconds...
2026-03-21 04:38:01,685 [INFO] Starting runAiBot.py...
2026-03-21 04:38:01,689 [INFO] Bot started (PID: 17816)
2026-03-21 04:38:11,690 [WARNING] Bot process exited with code 1. Restarting in 30 seconds...
2026-03-21 04:38:41,697 [INFO] Starting runAiBot.py...
2026-03-21 04:38:41,701 [INFO] Bot started (PID: 3608)
2026-03-21 04:38:51,703 [WARNING] Bot process exited with code 1. Restarting in 30 seconds...
2026-03-21 04:39:21,704 [INFO] Starting runAiBot.py...
2026-03-21 04:39:21,710 [INFO] Bot started (PID: 17248)
2026-03-21 13:08:54,569 [INFO] --- Supervisor Started ---
2026-03-21 13:08:54,569 [INFO] Starting OpenClaw gateway...
2026-03-21 13:08:54,582 [INFO] OpenClaw started (PID: 15760)
2026-03-21 13:08:54,586 [INFO] Starting runAiBot.py...
2026-03-21 13:08:54,598 [INFO] Bot started (PID: 15788)
2026-03-21 19:31:45,642 [INFO] --- Supervisor Started ---
2026-03-21 19:31:45,643 [INFO] Starting OpenClaw gateway...
2026-03-21 19:31:45,655 [INFO] OpenClaw started (PID: 12560)
2026-03-21 19:31:45,656 [INFO] Starting runAiBot.py...
2026-03-21 19:31:45,665 [INFO] Bot started (PID: 17720)
2026-03-21 20:36:11,583 [INFO] --- Supervisor Started ---
2026-03-21 20:36:11,583 [INFO] Starting OpenClaw gateway...
2026-03-21 20:36:11,603 [INFO] OpenClaw started (PID: 2372)
2026-03-21 20:36:11,603 [INFO] Starting runAiBot.py...
2026-03-21 20:36:11,627 [INFO] Bot started (PID: 9980)
2026-03-22 18:59:24,607 [INFO] --- Supervisor Started ---
2026-03-22 18:59:24,607 [INFO] Starting OpenClaw gateway...
2026-03-22 18:59:24,625 [INFO] OpenClaw started (PID: 20268)
2026-03-22 18:59:24,625 [INFO] Starting runAiBot.py...
2026-03-22 18:59:24,637 [INFO] Bot started (PID: 20272)
2026-03-22 19:00:04,644 [WARNING] Bot process exited with code 1. Restarting in 30 seconds...
2026-03-22 19:00:34,645 [INFO] Starting runAiBot.py...
2026-03-22 19:00:34,651 [INFO] Bot started (PID: 17484)
2026-03-22 19:00:44,652 [WARNING] Bot process exited with code 1. Restarting in 30 seconds...
2026-03-23 12:21:59,112 [INFO] --- Supervisor Started ---
2026-03-23 12:21:59,114 [INFO] Starting OpenClaw gateway...
2026-03-23 12:21:59,128 [INFO] OpenClaw started (PID: 9608)
2026-03-23 12:21:59,128 [INFO] Starting runAiBot.py...
2026-03-23 12:21:59,137 [INFO] Bot started (PID: 16872)
2026-03-23 20:10:19,392 [INFO] --- Supervisor Started ---
2026-03-23 20:10:19,393 [INFO] Starting OpenClaw gateway...
2026-03-23 20:10:19,405 [INFO] OpenClaw started (PID: 1836)
2026-03-23 20:10:19,406 [INFO] Starting runAiBot.py...
2026-03-23 20:10:19,414 [INFO] Bot started (PID: 13040)
2026-03-24 20:58:52,971 [INFO] --- Supervisor Started ---
2026-03-24 20:58:52,971 [INFO] Starting OpenClaw gateway...
2026-03-24 20:58:52,986 [INFO] OpenClaw started (PID: 10440)
2026-03-24 20:58:52,986 [INFO] Starting runAiBot.py...
2026-03-24 20:58:52,986 [INFO] Bot started (PID: 11212)
2026-03-25 12:17:36,262 [INFO] --- Supervisor Started ---
2026-03-25 12:17:36,262 [INFO] Starting OpenClaw gateway...
2026-03-25 12:17:36,277 [INFO] OpenClaw started (PID: 9564)
2026-03-25 12:17:36,279 [INFO] Starting runAiBot.py...
2026-03-25 12:17:36,291 [INFO] Bot started (PID: 9480)
2026-03-25 12:17:46,293 [WARNING] Bot process exited with code 3221225786. Restarting in 30 seconds...
2026-03-25 12:18:16,294 [INFO] Starting runAiBot.py...
2026-03-25 12:18:16,299 [INFO] Bot started (PID: 18752)
2026-03-25 12:19:56,307 [WARNING] Bot process exited with code 1. Restarting in 30 seconds...
2026-03-25 12:20:26,320 [INFO] Starting runAiBot.py...
2026-03-25 12:20:26,357 [INFO] Bot started (PID: 18396)
2026-03-25 12:20:36,358 [WARNING] Bot process exited with code 3221225786. Restarting in 30 seconds...
2026-03-25 12:58:09,112 [INFO] --- Supervisor Started ---
2026-03-25 12:58:09,113 [INFO] Starting OpenClaw gateway...
2026-03-25 12:58:09,155 [INFO] OpenClaw started (PID: 8924)
2026-03-25 12:58:09,156 [INFO] Starting runAiBot.py...
2026-03-25 12:58:09,164 [INFO] Bot started (PID: 20848)
2026-03-25 13:01:26,670 [INFO] Stopping all processes...
2026-03-25 13:01:26,776 [INFO] Stopping all processes...
2026-03-25 13:01:27,031 [INFO] Bot process stopped.
2026-03-25 13:01:27,223 [INFO] OpenClaw process stopped.
2026-03-25 13:04:29,400 [INFO] --- Supervisor Started ---
2026-03-25 13:04:29,401 [INFO] Starting OpenClaw gateway...
2026-03-25 13:04:29,421 [INFO] OpenClaw started (PID: 20576)
2026-03-25 13:04:29,422 [INFO] Starting runAiBot.py...
2026-03-25 13:04:29,433 [INFO] Bot started (PID: 19840)
2026-03-25 13:31:48,881 [INFO] Stopping all processes...
2026-03-25 13:31:49,048 [INFO] Stopping all processes...
2026-03-25 13:31:49,218 [INFO] Bot process stopped.
2026-03-25 13:31:49,411 [INFO] OpenClaw process stopped.
2026-03-25 13:39:44,380 [INFO] --- Supervisor Started ---
2026-03-25 13:39:44,381 [INFO] Starting OpenClaw gateway...
2026-03-25 13:39:44,392 [INFO] OpenClaw started (PID: 6384)
2026-03-25 13:39:44,393 [INFO] Starting runAiBot.py...
2026-03-25 13:39:44,399 [INFO] Bot started (PID: 4124)
2026-03-25 14:32:44,366 [INFO] Stopping all processes...
2026-03-25 14:32:44,458 [INFO] Stopping all processes...
2026-03-25 14:32:44,788 [INFO] Bot process stopped.
2026-03-25 14:32:45,030 [INFO] OpenClaw process stopped.
2026-03-25 14:35:52,848 [INFO] --- Supervisor Started ---
2026-03-25 14:35:52,849 [INFO] Starting OpenClaw gateway...
2026-03-25 14:35:52,859 [INFO] OpenClaw started (PID: 23656)
2026-03-25 14:35:52,860 [INFO] Starting runAiBot.py...
2026-03-25 14:35:52,870 [INFO] Bot started (PID: 22592)
2026-03-25 14:41:42,911 [WARNING] Bot process exited with code 3221225786. Restarting in 30 seconds...
2026-03-25 14:41:44,593 [INFO] Stopping all processes...
2026-03-25 14:41:44,883 [INFO] Bot process stopped.
2026-03-25 14:41:45,113 [INFO] OpenClaw process stopped.
2026-03-26 04:58:40,704 [INFO] --- Supervisor Started ---
2026-03-26 04:58:40,705 [INFO] Starting OpenClaw gateway...
2026-03-26 04:58:40,715 [INFO] OpenClaw started (PID: 17660)
2026-03-26 04:58:40,724 [INFO] Starting runAiBot.py...
2026-03-26 04:58:40,734 [INFO] Bot started (PID: 14764)
2026-03-26 12:20:13,629 [INFO] --- Supervisor Started ---
2026-03-26 12:20:13,630 [INFO] Starting OpenClaw gateway...
2026-03-26 12:20:13,648 [INFO] OpenClaw started (PID: 700)
2026-03-26 12:20:13,650 [INFO] Starting runAiBot.py...
2026-03-26 12:20:13,660 [INFO] Bot started (PID: 2892)
2026-03-27 08:23:45,372 [INFO] --- Supervisor Started ---
2026-03-27 08:23:45,384 [INFO] Starting OpenClaw gateway...
2026-03-27 08:23:45,386 [INFO] OpenClaw started (PID: 3676)
2026-03-27 08:23:45,386 [INFO] Starting runAiBot.py...
2026-03-27 08:23:45,404 [INFO] Bot started (PID: 12612)
2026-03-27 08:50:20,232 [INFO] --- Supervisor Started ---
2026-03-27 08:50:20,233 [INFO] Starting OpenClaw gateway...
2026-03-27 08:50:20,244 [INFO] OpenClaw started (PID: 4292)
2026-03-27 08:50:20,244 [INFO] Starting runAiBot.py...
2026-03-27 08:50:20,255 [INFO] Bot started (PID: 9804)
2026-03-27 08:52:45,159 [INFO] Stopping all processes...
2026-03-27 08:52:45,463 [INFO] Bot process stopped.
2026-03-27 08:52:45,678 [INFO] OpenClaw process stopped.
2026-03-27 09:09:44,596 [INFO] --- Supervisor Started ---
2026-03-27 09:09:44,597 [INFO] Starting OpenClaw gateway...
2026-03-27 09:09:44,610 [INFO] OpenClaw started (PID: 19172)
2026-03-27 09:09:44,610 [INFO] Starting runAiBot.py...
2026-03-27 09:09:44,619 [INFO] Bot started (PID: 14392)
2026-03-27 09:13:18,883 [INFO] Stopping all processes...
2026-03-27 09:13:19,257 [INFO] Bot process stopped.
2026-03-27 09:13:19,484 [INFO] OpenClaw process stopped.
2026-03-27 09:13:57,753 [INFO] --- Supervisor Started ---
2026-03-27 09:13:57,753 [INFO] Starting OpenClaw gateway...
2026-03-27 09:13:57,764 [INFO] OpenClaw started (PID: 22712)
2026-03-27 09:13:57,764 [INFO] Starting runAiBot.py...
2026-03-27 09:13:57,771 [INFO] Bot started (PID: 20440)
2026-03-27 09:16:45,806 [INFO] Stopping all processes...
2026-03-27 09:16:46,160 [INFO] Bot process stopped.
2026-03-27 09:16:46,379 [INFO] OpenClaw process stopped.
2026-03-27 11:17:25,408 [INFO] --- Supervisor Started ---
2026-03-27 11:17:25,409 [INFO] Starting OpenClaw gateway...
2026-03-27 11:17:25,424 [INFO] OpenClaw started (PID: 5964)
2026-03-27 11:17:25,426 [INFO] Starting runAiBot.py...
2026-03-27 11:17:25,438 [INFO] Bot started (PID: 12124)
2026-03-27 11:18:35,442 [WARNING] Bot process exited with code 0. Restarting in 30 seconds...
2026-03-27 11:19:05,445 [INFO] Starting runAiBot.py...
2026-03-27 11:19:05,447 [INFO] Bot started (PID: 3276)
2026-03-27 17:57:49,106 [INFO] --- Supervisor Started ---
2026-03-27 17:57:49,106 [INFO] Starting OpenClaw gateway...
2026-03-27 17:57:49,123 [INFO] OpenClaw started (PID: 11576)
2026-03-27 17:57:49,124 [INFO] Starting runAiBot.py...
2026-03-27 17:57:49,139 [INFO] Bot started (PID: 20628)
2026-03-27 18:00:09,147 [WARNING] Bot process exited with code 0. Restarting in 30 seconds...
2026-03-28 10:17:08,920 [INFO] --- Supervisor Started ---
2026-03-28 10:17:08,921 [INFO] Starting OpenClaw gateway...
2026-03-28 10:17:08,932 [INFO] OpenClaw started (PID: 2028)
2026-03-28 10:17:08,932 [INFO] Starting runAiBot.py...
2026-03-28 10:17:08,943 [INFO] Bot started (PID: 6360)
2026-03-28 12:16:22,657 [WARNING] Bot process exited with code 0. Restarting in 30 seconds...
2026-03-28 12:16:52,671 [INFO] Starting runAiBot.py...
2026-03-28 12:16:52,705 [INFO] Bot started (PID: 11044)
2026-03-28 21:46:23,980 [INFO] --- Supervisor Started ---
2026-03-28 21:46:23,996 [INFO] Starting OpenClaw gateway...
2026-03-28 21:46:24,010 [INFO] OpenClaw started (PID: 15500)
2026-03-28 21:46:24,011 [INFO] Starting runAiBot.py...
2026-03-28 21:46:24,020 [INFO] Bot started (PID: 8848)
2026-03-28 22:02:17,297 [INFO] --- Supervisor Started ---
2026-03-28 22:02:17,298 [INFO] Starting OpenClaw gateway...
2026-03-28 22:02:17,321 [INFO] OpenClaw started (PID: 13676)
2026-03-28 22:02:17,321 [INFO] Starting runAiBot.py...
2026-03-28 22:02:17,331 [INFO] Bot started (PID: 4292)
2026-03-28 22:06:06,261 [INFO] Stopping all processes...
2026-03-28 22:06:06,364 [INFO] Stopping all processes...
2026-03-28 22:06:06,634 [INFO] Bot process stopped.
2026-03-28 22:06:06,840 [INFO] OpenClaw process stopped.
2026-03-28 22:07:00,898 [INFO] --- Supervisor Started ---
2026-03-28 22:07:00,898 [INFO] Starting OpenClaw gateway...
2026-03-28 22:07:00,911 [INFO] OpenClaw started (PID: 8804)
2026-03-28 22:07:00,912 [INFO] Starting runAiBot.py...
2026-03-28 22:07:00,922 [INFO] Bot started (PID: 5436)
2026-03-28 22:12:00,956 [WARNING] Bot process exited with code 3221225786. Restarting in 30 seconds...
2026-03-28 22:12:03,777 [INFO] Stopping all processes...
2026-03-28 22:12:04,014 [INFO] Bot process stopped.
2026-03-28 22:12:04,218 [INFO] OpenClaw process stopped.
2026-03-28 22:18:56,545 [INFO] --- Supervisor Started ---
2026-03-28 22:18:56,546 [INFO] Starting OpenClaw gateway...
2026-03-28 22:18:56,558 [INFO] OpenClaw started (PID: 8124)
2026-03-28 22:18:56,558 [INFO] Starting runAiBot.py...
2026-03-28 22:18:56,578 [INFO] Bot started (PID: 21988)
2026-03-28 22:37:07,397 [INFO] Stopping all processes...
2026-03-28 22:37:07,809 [INFO] Bot process stopped.
2026-03-28 22:37:07,851 [INFO] Stopping all processes...
2026-03-28 22:37:08,054 [INFO] Bot process stopped.
2026-03-28 22:37:08,225 [INFO] OpenClaw process stopped.
2026-03-29 07:39:50,155 [INFO] --- Supervisor Started ---
2026-03-29 07:39:50,156 [INFO] Starting OpenClaw gateway...
2026-03-29 07:39:50,171 [INFO] OpenClaw started (PID: 17500)
2026-03-29 07:39:50,173 [INFO] Starting runAiBot.py...
2026-03-29 07:39:50,184 [INFO] Bot started (PID: 17532)
2026-03-29 14:25:26,582 [INFO] --- Supervisor Started ---
2026-03-29 14:25:26,582 [INFO] Starting OpenClaw gateway...
2026-03-29 14:25:26,595 [INFO] OpenClaw started (PID: 15840)
2026-03-29 14:25:26,598 [INFO] Starting runAiBot.py...
2026-03-29 14:25:26,609 [INFO] Bot started (PID: 15144)
2026-03-29 14:26:46,614 [WARNING] Bot process exited with code 0. Restarting in 30 seconds...
2026-03-29 14:27:16,615 [INFO] Starting runAiBot.py...
2026-03-29 14:27:16,624 [INFO] Bot started (PID: 2848)
2026-03-29 18:51:02,813 [INFO] --- Supervisor Started ---
2026-03-29 18:51:02,814 [INFO] Starting OpenClaw gateway...
2026-03-29 18:51:02,817 [INFO] OpenClaw started (PID: 6852)
2026-03-29 18:51:02,817 [INFO] Starting runAiBot.py...
2026-03-29 18:51:02,840 [INFO] Bot started (PID: 6996)
2026-03-30 00:57:37,758 [INFO] --- Supervisor Started ---
2026-03-30 00:57:37,758 [INFO] Starting OpenClaw gateway...
2026-03-30 00:57:37,770 [INFO] OpenClaw started (PID: 18852)
2026-03-30 00:57:37,770 [INFO] Starting runAiBot.py...
2026-03-30 00:57:37,786 [INFO] Bot started (PID: 17212)
2026-03-30 17:38:34,362 [INFO] --- Supervisor Started ---
2026-03-30 17:38:34,362 [INFO] Starting OpenClaw gateway...
2026-03-30 17:38:34,374 [INFO] OpenClaw started (PID: 6340)
2026-03-30 17:38:34,378 [INFO] Starting runAiBot.py...
2026-03-30 17:38:34,382 [INFO] Bot started (PID: 3640)
2026-03-31 11:19:41,794 [INFO] --- Supervisor Started ---
2026-03-31 11:19:41,794 [INFO] Starting OpenClaw gateway...
2026-03-31 11:19:41,812 [INFO] OpenClaw started (PID: 15756)
2026-03-31 11:19:41,813 [INFO] Starting runAiBot.py...
2026-03-31 11:19:41,820 [INFO] Bot started (PID: 9368)
2026-03-31 11:19:51,821 [WARNING] Bot process exited with code 3221225786. Restarting in 30 seconds...
2026-03-31 18:55:12,687 [INFO] --- Supervisor Started ---
2026-03-31 18:55:12,687 [INFO] Starting OpenClaw gateway...
2026-03-31 18:55:12,702 [INFO] OpenClaw started (PID: 22188)
2026-03-31 18:55:12,705 [INFO] Starting runAiBot.py...
2026-03-31 18:55:12,712 [INFO] Bot started (PID: 22204)
2026-03-31 21:39:41,577 [INFO] --- Supervisor Started ---
2026-03-31 21:39:41,578 [INFO] Starting OpenClaw gateway...
2026-03-31 21:39:41,597 [INFO] OpenClaw started (PID: 18336)
2026-03-31 21:39:41,599 [INFO] Starting runAiBot.py...
2026-03-31 21:39:41,608 [INFO] Bot started (PID: 19436)
2026-03-31 22:20:08,544 [INFO] --- Supervisor Started ---
2026-03-31 22:20:08,545 [INFO] Starting OpenClaw gateway...
2026-03-31 22:20:08,559 [INFO] OpenClaw started (PID: 9756)
2026-03-31 22:20:08,560 [INFO] Starting runAiBot.py...
2026-03-31 22:20:08,570 [INFO] Bot started (PID: 13260)
2026-04-01 02:20:28,659 [INFO] --- Supervisor Started ---
2026-04-01 02:20:28,659 [INFO] Starting OpenClaw gateway...
2026-04-01 02:20:28,677 [INFO] OpenClaw started (PID: 3976)
2026-04-01 02:20:28,677 [INFO] Starting runAiBot.py...
2026-04-01 02:20:28,682 [INFO] Bot started (PID: 5732)
2026-04-01 14:52:41,225 [INFO] --- Supervisor Started ---
2026-04-01 14:52:41,225 [INFO] Starting OpenClaw gateway...
2026-04-01 14:52:41,237 [INFO] OpenClaw started (PID: 5600)
2026-04-01 14:52:41,237 [INFO] Starting runAiBot.py...
2026-04-01 14:52:41,245 [INFO] Bot started (PID: 1980)
2026-04-03 16:59:10,182 [INFO] --- Supervisor Started ---
2026-04-03 16:59:10,183 [INFO] Starting OpenClaw gateway...
2026-04-03 16:59:10,191 [INFO] OpenClaw started (PID: 28592)
2026-04-03 16:59:10,192 [INFO] Starting runAiBot.py...
2026-04-03 16:59:10,197 [INFO] Bot started (PID: 28380)
2026-04-03 17:27:46,736 [INFO] Stopping all processes...
2026-04-03 17:27:48,247 [INFO] Bot process stopped.
2026-04-03 17:27:48,431 [INFO] Stopping all processes...
2026-04-03 17:27:49,643 [INFO] Bot process stopped.
2026-04-03 17:27:50,553 [INFO] OpenClaw process stopped.
2026-04-04 03:15:37,916 [INFO] Identified 2 accounts: ['2', '1']
2026-04-04 03:15:37,917 [INFO] --- Supervisor Started ---
2026-04-04 03:15:37,917 [INFO] Starting OpenClaw gateway...
2026-04-04 03:15:37,931 [INFO] OpenClaw started (PID: 8132)
2026-04-04 03:15:37,933 [INFO] Starting runAiBot.py for account 2 (himu09854@gmail.com)...
2026-04-04 03:15:37,944 [INFO] Bot 2 started (PID: 26668)
2026-04-04 03:15:37,944 [INFO] Starting runAiBot.py for account 1 (yhimanshu220456@gmail.com)...
2026-04-04 03:15:37,952 [INFO] Bot 1 started (PID: 46996)
2026-04-04 03:18:02,214 [INFO] Stopping all processes...
2026-04-04 03:18:04,678 [INFO] Bot process 2 stopped.
2026-04-04 03:18:07,146 [INFO] Bot process 1 stopped.
2026-04-04 03:18:08,932 [INFO] OpenClaw process stopped.
2026-04-04 03:19:48,811 [INFO] Identified 2 accounts: ['2', '1']
2026-04-04 03:19:48,812 [INFO] --- Supervisor Started ---
2026-04-04 03:19:48,813 [INFO] Starting OpenClaw gateway...
2026-04-04 03:19:48,826 [INFO] OpenClaw started (PID: 49356)
2026-04-04 03:19:48,827 [INFO] Starting runAiBot.py for account 2 (himu09854@gmail.com)...
2026-04-04 03:19:48,839 [INFO] Bot 2 started (PID: 39780)
2026-04-04 03:19:48,841 [INFO] Starting runAiBot.py for account 1 (yhimanshu220456@gmail.com)...
2026-04-04 03:19:48,845 [INFO] Bot 1 started (PID: 49188)
2026-04-04 03:23:08,947 [WARNING] Bot 2 exited with code 0. Restarting in 30 seconds...
2026-04-04 03:23:08,958 [INFO] Starting runAiBot.py for account 2 (himu09854@gmail.com)...
2026-04-04 03:23:08,973 [INFO] Bot 2 started (PID: 27000)
2026-04-04 03:23:18,974 [WARNING] Bot 2 exited with code 3221225786. Restarting in 30 seconds...
2026-04-04 03:23:18,975 [INFO] Starting runAiBot.py for account 2 (himu09854@gmail.com)...
2026-04-04 03:23:18,980 [INFO] Bot 2 started (PID: 46828)
2026-04-04 03:23:28,982 [WARNING] Bot 2 exited with code 3221225786. Restarting in 30 seconds...
2026-04-04 03:23:28,983 [INFO] Starting runAiBot.py for account 2 (himu09854@gmail.com)...
2026-04-04 03:23:28,991 [INFO] Bot 2 started (PID: 39780)
2026-04-04 03:23:38,993 [WARNING] Bot 2 exited with code 3221225786. Restarting in 30 seconds...
2026-04-04 03:23:38,994 [INFO] Starting runAiBot.py for account 2 (himu09854@gmail.com)...
2026-04-04 03:23:39,003 [INFO] Bot 2 started (PID: 49472)
2026-04-04 03:23:49,005 [WARNING] Bot 2 exited with code 3221225786. Restarting in 30 seconds...
2026-04-04 03:23:49,007 [INFO] Starting runAiBot.py for account 2 (himu09854@gmail.com)...
2026-04-04 03:23:49,020 [INFO] Bot 2 started (PID: 50576)
2026-04-04 03:23:59,022 [WARNING] Bot 2 exited with code 3221225786. Restarting in 30 seconds...
2026-04-04 03:23:59,024 [INFO] Starting runAiBot.py for account 2 (himu09854@gmail.com)...
2026-04-04 03:23:59,038 [INFO] Bot 2 started (PID: 12368)
2026-04-04 03:24:09,058 [WARNING] Bot 2 exited with code 3221225786. Restarting in 30 seconds...
2026-04-04 03:24:09,058 [INFO] Starting runAiBot.py for account 2 (himu09854@gmail.com)...
2026-04-04 03:24:09,065 [INFO] Bot 2 started (PID: 49228)
2026-04-04 03:24:19,067 [WARNING] Bot 2 exited with code 3221225786. Restarting in 30 seconds...
2026-04-04 03:24:19,067 [INFO] Starting runAiBot.py for account 2 (himu09854@gmail.com)...
2026-04-04 03:24:19,074 [INFO] Bot 2 started (PID: 48488)
2026-04-04 03:24:29,077 [WARNING] Bot 2 exited with code 3221225786. Restarting in 30 seconds...
2026-04-04 03:24:29,077 [INFO] Starting runAiBot.py for account 2 (himu09854@gmail.com)...
2026-04-04 03:24:29,086 [INFO] Bot 2 started (PID: 40288)
2026-04-04 03:24:39,088 [WARNING] Bot 2 exited with code 3221225786. Restarting in 30 seconds...
2026-04-04 03:24:39,089 [INFO] Starting runAiBot.py for account 2 (himu09854@gmail.com)...
2026-04-04 03:24:39,099 [INFO] Bot 2 started (PID: 49540)
2026-04-04 03:24:49,103 [WARNING] Bot 2 exited with code 3221225786. Restarting in 30 seconds...
2026-04-04 03:24:49,110 [INFO] Starting runAiBot.py for account 2 (himu09854@gmail.com)...
2026-04-04 03:24:49,122 [INFO] Bot 2 started (PID: 51172)
2026-04-04 03:24:59,125 [WARNING] Bot 2 exited with code 3221225786. Restarting in 30 seconds...
2026-04-04 03:24:59,126 [INFO] Starting runAiBot.py for account 2 (himu09854@gmail.com)...
2026-04-04 03:24:59,134 [INFO] Bot 2 started (PID: 43620)
2026-04-04 03:25:09,135 [WARNING] Bot 2 exited with code 3221225786. Restarting in 30 seconds...
2026-04-04 03:25:09,136 [INFO] Starting runAiBot.py for account 2 (himu09854@gmail.com)...
2026-04-04 03:25:09,142 [INFO] Bot 2 started (PID: 45364)
2026-04-04 03:25:19,143 [WARNING] Bot 2 exited with code 3221225786. Restarting in 30 seconds...
2026-04-04 03:25:19,144 [INFO] Starting runAiBot.py for account 2 (himu09854@gmail.com)...
2026-04-04 03:25:19,152 [INFO] Bot 2 started (PID: 48888)
2026-04-04 03:25:29,155 [WARNING] Bot 2 exited with code 3221225786. Restarting in 30 seconds...
2026-04-04 03:25:29,155 [INFO] Starting runAiBot.py for account 2 (himu09854@gmail.com)...
2026-04-04 03:25:29,160 [INFO] Bot 2 started (PID: 43772)
2026-04-04 03:25:39,162 [WARNING] Bot 2 exited with code 3221225786. Restarting in 30 seconds...
2026-04-04 03:25:39,163 [INFO] Starting runAiBot.py for account 2 (himu09854@gmail.com)...
2026-04-04 03:25:39,169 [INFO] Bot 2 started (PID: 48892)
2026-04-04 03:26:59,193 [WARNING] Bot 2 exited with code 3221225786. Restarting in 30 seconds...
2026-04-04 03:26:59,200 [INFO] Starting runAiBot.py for account 2 (himu09854@gmail.com)...
2026-04-04 03:26:59,214 [INFO] Bot 2 started (PID: 48728)
2026-04-04 03:27:09,216 [WARNING] Bot 2 exited with code 3221225786. Restarting in 30 seconds...
2026-04-04 03:27:09,222 [INFO] Starting runAiBot.py for account 2 (himu09854@gmail.com)...
2026-04-04 03:27:09,233 [INFO] Bot 2 started (PID: 49420)
2026-04-04 03:27:19,236 [WARNING] Bot 2 exited with code 3221225786. Restarting in 30 seconds...
2026-04-04 03:27:19,238 [INFO] Starting runAiBot.py for account 2 (himu09854@gmail.com)...
2026-04-04 03:27:19,257 [INFO] Bot 2 started (PID: 39832)
2026-04-04 03:27:29,311 [WARNING] Bot 2 exited with code 3221225786. Restarting in 30 seconds...
2026-04-04 03:27:29,311 [INFO] Starting runAiBot.py for account 2 (himu09854@gmail.com)...
2026-04-04 03:27:29,317 [INFO] Bot 2 started (PID: 50576)
2026-04-04 03:27:39,319 [WARNING] Bot 2 exited with code 3221225786. Restarting in 30 seconds...
2026-04-04 03:27:39,320 [INFO] Starting runAiBot.py for account 2 (himu09854@gmail.com)...
2026-04-04 03:27:39,333 [INFO] Bot 2 started (PID: 40632)
2026-04-04 03:27:49,336 [WARNING] Bot 2 exited with code 3221225786. Restarting in 30 seconds...
2026-04-04 03:27:49,337 [INFO] Starting runAiBot.py for account 2 (himu09854@gmail.com)...
2026-04-04 03:27:49,347 [INFO] Bot 2 started (PID: 38692)
2026-04-04 03:27:59,351 [WARNING] Bot 2 exited with code 3221225786. Restarting in 30 seconds...
2026-04-04 03:27:59,351 [INFO] Starting runAiBot.py for account 2 (himu09854@gmail.com)...
2026-04-04 03:27:59,355 [INFO] Bot 2 started (PID: 35112)
2026-04-04 03:28:09,356 [WARNING] Bot 2 exited with code 3221225786. Restarting in 30 seconds...
2026-04-04 03:28:09,357 [INFO] Starting runAiBot.py for account 2 (himu09854@gmail.com)...
2026-04-04 03:28:09,368 [INFO] Bot 2 started (PID: 29196)
2026-04-04 03:28:16,913 [INFO] Stopping all processes...
2026-04-04 03:28:17,084 [INFO] Stopping all processes...
2026-04-04 03:28:20,032 [INFO] Bot process 2 stopped.
2026-04-04 03:28:21,795 [INFO] Bot process 1 stopped.
2026-04-04 03:28:23,736 [INFO] OpenClaw process stopped.
2026-04-04 03:28:26,645 [INFO] Identified 2 accounts: ['2', '1']
2026-04-04 03:28:26,646 [INFO] --- Supervisor Started ---
2026-04-04 03:28:26,646 [INFO] Starting OpenClaw gateway...
2026-04-04 03:28:26,662 [INFO] OpenClaw started (PID: 48396)
2026-04-04 03:28:26,664 [INFO] Starting runAiBot.py for account 2 (himu09854@gmail.com)...
2026-04-04 03:28:26,679 [INFO] Bot 2 started (PID: 50692)
2026-04-04 03:28:26,680 [INFO] Starting runAiBot.py for account 1 (yhimanshu220456@gmail.com)...
2026-04-04 03:28:26,686 [INFO] Bot 1 started (PID: 27532)
2026-04-04 03:30:26,965 [WARNING] Bot 1 exited with code 3221225786. Restarting in 30 seconds...
2026-04-04 03:30:57,053 [INFO] Starting runAiBot.py for account 1 (yhimanshu220456@gmail.com)...
2026-04-04 03:30:57,087 [INFO] Bot 1 started (PID: 49436)
2026-04-04 03:31:57,299 [WARNING] Bot 2 exited with code 3221225786. Restarting in 30 seconds...
2026-04-04 03:32:27,707 [INFO] Starting runAiBot.py for account 2 (himu09854@gmail.com)...
2026-04-04 03:32:27,755 [INFO] Bot 2 started (PID: 30600)
2026-04-04 03:33:21,076 [INFO] Stopping all processes...
2026-04-04 03:33:21,335 [INFO] Stopping all processes...
2026-04-04 03:33:23,560 [INFO] Bot process 2 stopped.
2026-04-04 03:33:25,610 [INFO] Bot process 1 stopped.
2026-04-04 03:33:27,400 [INFO] OpenClaw process stopped.
2026-04-04 03:33:30,535 [INFO] Identified 2 accounts: ['2', '1']
2026-04-04 03:33:30,536 [INFO] --- Supervisor Started ---
2026-04-04 03:33:30,537 [INFO] Starting OpenClaw gateway...
2026-04-04 03:33:30,547 [INFO] OpenClaw started (PID: 52584)
2026-04-04 03:33:30,548 [INFO] Starting runAiBot.py for account 2 (himu09854@gmail.com)...
2026-04-04 03:33:30,556 [INFO] Bot 2 started (PID: 45504)
2026-04-04 03:33:30,557 [INFO] Starting runAiBot.py for account 1 (yhimanshu220456@gmail.com)...
2026-04-04 03:33:30,561 [INFO] Bot 1 started (PID: 50456)
2026-04-04 03:34:40,588 [INFO] Bot 2 was terminated by user (code 3221225786). Not restarting.
2026-04-04 03:56:00,816 [INFO] Bot 1 was terminated by user (code 3221225786). Not restarting.
2026-04-04 03:56:09,813 [INFO] Stopping all processes...
2026-04-04 03:56:11,413 [INFO] OpenClaw process stopped.
2026-04-06 11:32:55,161 [INFO] Identified 2 accounts: ['2', '1']
2026-04-06 11:32:55,163 [INFO] --- Supervisor Started ---
2026-04-06 11:32:55,163 [INFO] Starting OpenClaw gateway...
2026-04-06 11:32:55,174 [INFO] OpenClaw started (PID: 37732)
2026-04-06 11:32:55,174 [INFO] Starting runAiBot.py for account 2 (himu09854@gmail.com)...
2026-04-06 11:32:55,182 [INFO] Bot 2 started (PID: 38428)
2026-04-06 11:32:55,182 [INFO] Starting runAiBot.py for account 1 (yhimanshu220456@gmail.com)...
2026-04-06 11:32:55,185 [INFO] Bot 1 started (PID: 31500)
2026-04-06 11:49:22,280 [INFO] Stopping all processes...
2026-04-06 11:49:23,149 [INFO] Bot process 2 stopped.
2026-04-06 11:49:23,160 [INFO] Stopping all processes...
2026-04-06 11:49:24,146 [INFO] Bot process 2 stopped.
2026-04-06 11:49:24,952 [INFO] Bot process 1 stopped.
2026-04-06 11:49:25,616 [INFO] OpenClaw process stopped.
2026-04-16 20:07:24,383 [INFO] Identified 2 accounts: ['2', '1']
2026-04-16 20:07:24,389 [INFO] --- Supervisor Started ---
2026-04-16 20:07:24,431 [INFO] Starting OpenClaw gateway...
2026-04-16 20:07:24,479 [INFO] OpenClaw started (PID: 16004)
2026-04-16 20:07:24,515 [INFO] Starting runAiBot.py for account 2 (himu09854@gmail.com)...
2026-04-16 20:07:24,564 [INFO] Bot 2 started (PID: 29620)
2026-04-16 20:07:24,564 [INFO] Starting runAiBot.py for account 1 (yhimanshu220456@gmail.com)...
2026-04-16 20:07:24,573 [INFO] Bot 1 started (PID: 11284)
2026-04-16 20:12:04,744 [INFO] Bot 1 was terminated by user (code 0). Not restarting.
2026-04-16 20:12:11,684 [INFO] Stopping all processes...
2026-04-16 20:12:11,988 [INFO] Stopping all processes...
2026-04-16 20:12:13,034 [INFO] Bot process 2 stopped.
2026-04-16 20:12:14,062 [INFO] OpenClaw process stopped.
2026-04-17 12:29:16,098 [INFO] Identified 2 accounts: ['2', '1']
2026-04-17 12:29:16,099 [INFO] --- Supervisor Started ---
2026-04-17 12:29:16,099 [INFO] Starting OpenClaw gateway...
2026-04-17 12:29:16,108 [INFO] OpenClaw started (PID: 22776)
2026-04-17 12:29:16,109 [INFO] Starting runAiBot.py for account 2 (himu09854@gmail.com)...
2026-04-17 12:29:16,116 [INFO] Bot 2 started (PID: 22772)
2026-04-17 12:29:16,116 [INFO] Starting runAiBot.py for account 1 (yhimanshu220456@gmail.com)...
2026-04-17 12:29:16,121 [INFO] Bot 1 started (PID: 22860)
2026-04-17 12:29:42,580 [INFO] Stopping all processes...
2026-04-17 12:29:43,230 [INFO] Bot process 2 stopped.
2026-04-17 12:29:44,039 [INFO] Bot process 1 stopped.
2026-04-17 12:29:44,571 [INFO] OpenClaw process stopped.
2026-04-17 12:31:10,773 [INFO] Identified 2 accounts: ['2', '1']
2026-04-17 12:31:10,774 [INFO] --- Supervisor Started ---
2026-04-17 12:31:10,774 [INFO] Starting OpenClaw gateway...
2026-04-17 12:31:10,790 [INFO] OpenClaw started (PID: 23568)
2026-04-17 12:31:10,791 [INFO] Starting runAiBot.py for account 2 (himu09854@gmail.com)...
2026-04-17 12:31:10,804 [INFO] Bot 2 started (PID: 23352)
2026-04-17 12:31:10,804 [INFO] Starting runAiBot.py for account 1 (yhimanshu220456@gmail.com)...
2026-04-17 12:31:10,809 [INFO] Bot 1 started (PID: 24388)
2026-04-17 12:47:31,081 [INFO] Bot 2 was terminated by user (code 0). Not restarting.
2026-04-21 17:11:32,598 [INFO] Identified 2 accounts: ['2', '1']
2026-04-21 17:11:32,599 [INFO] --- Supervisor Started ---
2026-04-21 17:11:32,599 [INFO] Starting OpenClaw gateway...
2026-04-21 17:11:32,612 [INFO] OpenClaw started (PID: 22048)
2026-04-21 17:11:32,613 [INFO] Starting runAiBot.py for account 2 (himu09854@gmail.com)...
2026-04-21 17:11:32,622 [INFO] Bot 2 started (PID: 23560)
2026-04-21 17:11:32,622 [INFO] Starting runAiBot.py for account 1 (yhimanshu220456@gmail.com)...
2026-04-21 17:11:32,627 [INFO] Bot 1 started (PID: 20080)
2026-04-21 17:25:23,358 [INFO] Bot 2 was terminated by user (code 3221225786). Not restarting.
2026-04-21 17:25:33,792 [INFO] Bot 1 was terminated by user (code 3221225786). Not restarting.
2026-04-21 17:28:56,841 [INFO] Stopping all processes...
2026-04-21 17:28:57,373 [INFO] OpenClaw process stopped.
